  [1m[36m (0.1ms)[0m  [1mselect sqlite_version(*)[0m
  [1m[35m (1.3ms)[0m  CREATE TABLE "schema_migrations" ("version" varchar(255) NOT NULL) 
  [1m[36m (0.0ms)[0m  [1mPRAGMA index_list("schema_migrations")[0m
  [1m[35m (1.1ms)[0m  CREATE UNIQUE INDEX "unique_schema_migrations" ON "schema_migrations" ("version")
  [1m[36m (0.1ms)[0m  [1mSELECT "schema_migrations"."version" FROM "schema_migrations" [0m
Migrating to CreateUsers (20111012184816)
  [1m[35m (0.5ms)[0m  CREATE TABLE "users" ("id" INTEGER PRIMARY KEY AUTOINCREMENT NOT NULL, "created_at" datetime, "updated_at" datetime) 
  [1m[36m (0.1ms)[0m  [1mINSERT INTO "schema_migrations" ("version") VALUES ('20111012184816')[0m
Migrating to CreateRoleMeRoles (20111012211223)
  [1m[35m (0.4ms)[0m  CREATE TABLE "role_me_roles" ("id" INTEGER PRIMARY KEY AUTOINCREMENT NOT NULL, "name" varchar(255), "created_at" datetime, "updated_at" datetime) 
  [1m[36m (0.1ms)[0m  [1mPRAGMA index_list("role_me_roles")[0m
  [1m[35m (0.5ms)[0m  CREATE UNIQUE INDEX "index_role_me_roles_on_name" ON "role_me_roles" ("name")
  [1m[36m (0.1ms)[0m  [1mINSERT INTO "schema_migrations" ("version") VALUES ('20111012211223')[0m
Migrating to CreateRoleMeRolesJoin (20111012211224)
  [1m[36m (0.1ms)[0m  [1mSELECT "schema_migrations"."version" FROM "schema_migrations" [0m
Migrating to CreateUsers (20111012184816)
Migrating to CreateRoleMeRoles (20111012211223)
Migrating to CreateRoleMeRolesJoin (20111012211224)
  [1m[35m (0.0ms)[0m  select sqlite_version(*)
  [1m[36m (0.6ms)[0m  [1mCREATE TABLE "role_me_roles_join" ("roled_id" integer, "role_id" integer, "created_at" datetime, "updated_at" datetime) [0m
  [1m[35m (0.1ms)[0m  PRAGMA index_list("role_me_roles")
  [1m[36m (0.0ms)[0m  [1mPRAGMA index_info('index_role_me_roles_on_name')[0m
  [1m[35m (0.1ms)[0m  CREATE UNIQUE INDEX "roled_roles" ON "role_me_roles" ("roled_id", "role_id")
SQLite3::SQLException: table role_me_roles has no column named roled_id: CREATE UNIQUE INDEX "roled_roles" ON "role_me_roles" ("roled_id", "role_id")
  [1m[36m (0.1ms)[0m  [1mselect sqlite_version(*)[0m
  [1m[35m (1.2ms)[0m  CREATE TABLE "schema_migrations" ("version" varchar(255) NOT NULL) 
  [1m[36m (0.0ms)[0m  [1mPRAGMA index_list("schema_migrations")[0m
  [1m[35m (1.1ms)[0m  CREATE UNIQUE INDEX "unique_schema_migrations" ON "schema_migrations" ("version")
  [1m[36m (0.1ms)[0m  [1mSELECT "schema_migrations"."version" FROM "schema_migrations" [0m
Migrating to CreateUsers (20111012184816)
  [1m[35m (0.4ms)[0m  CREATE TABLE "users" ("id" INTEGER PRIMARY KEY AUTOINCREMENT NOT NULL, "created_at" datetime, "updated_at" datetime) 
  [1m[36m (0.1ms)[0m  [1mINSERT INTO "schema_migrations" ("version") VALUES ('20111012184816')[0m
Migrating to CreateRoleMeRoles (20111012211501)
  [1m[35m (0.4ms)[0m  CREATE TABLE "role_me_roles" ("id" INTEGER PRIMARY KEY AUTOINCREMENT NOT NULL, "name" varchar(255), "created_at" datetime, "updated_at" datetime) 
  [1m[36m (0.0ms)[0m  [1mPRAGMA index_list("role_me_roles")[0m
  [1m[35m (0.4ms)[0m  CREATE UNIQUE INDEX "index_role_me_roles_on_name" ON "role_me_roles" ("name")
  [1m[36m (0.1ms)[0m  [1mINSERT INTO "schema_migrations" ("version") VALUES ('20111012211501')[0m
Migrating to CreateRoleMeRolesJoin (20111012211502)
  [1m[35m (0.4ms)[0m  CREATE TABLE "role_me_roles_join" ("roled_id" integer, "role_id" integer, "created_at" datetime, "updated_at" datetime) 
  [1m[36m (0.0ms)[0m  [1mPRAGMA index_list("role_me_roles_join")[0m
  [1m[35m (0.4ms)[0m  CREATE UNIQUE INDEX "roled_roles" ON "role_me_roles_join" ("roled_id", "role_id")
  [1m[36m (0.1ms)[0m  [1mINSERT INTO "schema_migrations" ("version") VALUES ('20111012211502')[0m
  [1m[35m (0.5ms)[0m  select sqlite_version(*)
  [1m[36m (0.1ms)[0m  [1mSELECT "schema_migrations"."version" FROM "schema_migrations" [0m
  [1m[35m (0.0ms)[0m  PRAGMA index_list("role_me_roles")
  [1m[36m (0.0ms)[0m  [1mPRAGMA index_info('index_role_me_roles_on_name')[0m
  [1m[35m (0.0ms)[0m  PRAGMA index_list("role_me_roles_join")
  [1m[36m (0.0ms)[0m  [1mPRAGMA index_info('roled_roles')[0m
  [1m[35m (0.0ms)[0m  PRAGMA index_list("users")
